<?xml version="1.0" encoding="UTF-8"?>
<!-- Generated by org.testng.reporters.JUnitReportReporter -->
<testsuite hostname="DESKTOP-PP1U1SC" failures="0" tests="21" name="com.edureka.casestudy.Casestudy" time="118.376" errors="0" timestamp="2020-05-08T04:29:41 IST" skipped="0">
  <testcase classname="com.edureka.casestudy.Casestudy" name="launchBrowser" time="12.220"/>
  <testcase classname="com.edureka.casestudy.Casestudy" name="launchBrowser" time="10.099"/>
  <testcase classname="com.edureka.casestudy.Casestudy" name="step01_getBrowser" time="7.237"/>
  <testcase classname="com.edureka.casestudy.Casestudy" name="step01_getBrowser" time="6.232"/>
  <testcase classname="com.edureka.casestudy.Casestudy" name="step02_loginModalScreen" time="3.436"/>
  <testcase classname="com.edureka.casestudy.Casestudy" name="step02_loginModalScreen" time="4.484"/>
  <testcase classname="com.edureka.casestudy.Casestudy" name="step03_hoverMenu" time="1.104"/>
  <testcase classname="com.edureka.casestudy.Casestudy" name="step03_hoverMenu" time="5.456"/>
  <testcase classname="com.edureka.casestudy.Casestudy" name="step04_verifyLabel" time="17.795"/>
  <testcase classname="com.edureka.casestudy.Casestudy" name="step04_verifyLabel" time="14.172"/>
  <testcase classname="com.edureka.casestudy.Casestudy" name="step05_priceSlider" time="8.959"/>
  <testcase classname="com.edureka.casestudy.Casestudy" name="step06_dropdownOption" time="0.634"/>
  <testcase classname="com.edureka.casestudy.Casestudy" name="step07_search" time="1.528"/>
  <testcase classname="com.edureka.casestudy.Casestudy" name="step08_selectPrd" time="4.134"/>
  <testcase classname="com.edureka.casestudy.Casestudy" name="step09_verifyPrdAmt" time="4.375"/>
  <testcase classname="com.edureka.casestudy.Casestudy" name="step10_clickImgThmbnail" time="5.225"/>
  <testcase classname="com.edureka.casestudy.Casestudy" name="step11_deliveryPincode" time="4.912"/>
  <testcase classname="com.edureka.casestudy.Casestudy" name="step12_viewDelDetails" time="0.632"/>
  <testcase classname="com.edureka.casestudy.Casestudy" name="step13_addToCart" time="1.607"/>
  <testcase classname="com.edureka.casestudy.Casestudy" name="step14_closeBrowsers" time="2.729"/>
  <testcase classname="com.edureka.casestudy.Casestudy" name="step14_closeBrowsers" time="1.406"/>
</testsuite> <!-- com.edureka.casestudy.Casestudy -->
